<?xml version="1.0" encoding="UTF-8"?>
<!-- Generated by org.testng.reporters.JUnitReportReporter -->
<testsuite hostname="LAPTOP-BGB72GDJ" failures="0" tests="2" name="testngExamples.Exp_Testing1" time="0.020" errors="0" timestamp="1 Mar 2022 07:58:28 GMT">
  <testcase classname="testngExamples.Exp_Testing1" name="login" time="0.014"/>
  <testcase classname="testngExamples.Exp_Testing1" name="logout" time="0.006"/>
</testsuite> <!-- testngExamples.Exp_Testing1 -->
