<?xml version="1.0" encoding="UTF-8"?>
<!-- Generated by org.testng.reporters.JUnitReportReporter -->
<testsuite hostname="LAPTOP-BGB72GDJ" failures="0" tests="1" name="comhrmstestscrpts.TC001" time="6.272" errors="0" timestamp="30 Mar 2022 14:49:39 GMT">
  <testcase classname="comhrmstestscrpts.TC001" name="tc001" time="6.272"/>
</testsuite> <!-- comhrmstestscrpts.TC001 -->
