<?xml version="1.0" encoding="UTF-8"?>
<!-- Generated by org.testng.reporters.JUnitReportReporter -->
<testsuite hostname="LAPTOP-BGB72GDJ" failures="0" tests="1" name="testngExamples.Exp_Testng" time="4.384" errors="0" timestamp="1 Mar 2022 07:58:28 GMT">
  <testcase classname="testngExamples.Exp_Testng" name="tc001" time="4.384"/>
</testsuite> <!-- testngExamples.Exp_Testng -->
